# JRE version: Java(TM) SE Runtime Environment 18.9 (11.0.12+8) (build 11.0.12+8-LTS-237)
# Java VM: Java HotSpot(TM) 64-Bit Server VM 18.9 (11.0.12+8-LTS-237, mixed mode, tiered, compressed oops, g1 gc, windows-amd64)
Heap:
 garbage-first heap   total 262144K, used 18075K [0x0000000701e00000, 0x0000000800000000)
  region size 1024K, 16 young (16384K), 3 survivors (3072K)
 Metaspace       used 23749K, capacity 24477K, committed 24624K, reserved 1071104K
  class space    used 2603K, capacity 2886K, committed 2944K, reserved 1048576K
GC Heap History (6 events):
Event: 1.958 GC heap before
{Heap before GC invocations=0 (full 0):
 garbage-first heap   total 262144K, used 13312K [0x0000000701e00000, 0x0000000800000000)
  region size 1024K, 14 young (14336K), 0 survivors (0K)
 Metaspace       used 13075K, capacity 13324K, committed 13440K, reserved 1060864K
  class space    used 1278K, capacity 1377K, committed 1408K, reserved 1048576K
}
Event: 1.965 GC heap after
{Heap after GC invocations=1 (full 0):
 garbage-first heap   total 262144K, used 3141K [0x0000000701e00000, 0x0000000800000000)
  region size 1024K, 2 young (2048K), 2 survivors (2048K)
 Metaspace       used 13075K, capacity 13324K, committed 13440K, reserved 1060864K
  class space    used 1278K, capacity 1377K, committed 1408K, reserved 1048576K
}
Event: 2.537 GC heap before
{Heap before GC invocations=1 (full 0):
 garbage-first heap   total 262144K, used 14405K [0x0000000701e00000, 0x0000000800000000)
  region size 1024K, 13 young (13312K), 2 survivors (2048K)
 Metaspace       used 17501K, capacity 17857K, committed 18176K, reserved 1064960K
  class space    used 1808K, capacity 1975K, committed 2048K, reserved 1048576K
}
Event: 2.545 GC heap after
{Heap after GC invocations=2 (full 0):
 garbage-first heap   total 262144K, used 4587K [0x0000000701e00000, 0x0000000800000000)
  region size 1024K, 2 young (2048K), 2 survivors (2048K)
 Metaspace       used 17501K, capacity 17857K, committed 18176K, reserved 1064960K
  class space    used 1808K, capacity 1975K, committed 2048K, reserved 1048576K
}
Event: 3.763 GC heap before
{Heap before GC invocations=2 (full 0):
 garbage-first heap   total 262144K, used 16875K [0x0000000701e00000, 0x0000000800000000)
  region size 1024K, 15 young (15360K), 2 survivors (2048K)
 Metaspace       used 20604K, capacity 21130K, committed 21296K, reserved 1069056K
  class space    used 2207K, capacity 2432K, committed 2432K, reserved 1048576K
}
Event: 3.769 GC heap after
{Heap after GC invocations=3 (full 0):
 garbage-first heap   total 262144K, used 5787K [0x0000000701e00000, 0x0000000800000000)
  region size 1024K, 3 young (3072K), 3 survivors (3072K)
 Metaspace       used 20604K, capacity 21130K, committed 21296K, reserved 1069056K
  class space    used 2207K, capacity 2432K, committed 2432K, reserved 1048576K
}

